<?xml version="1.0" encoding="UTF-8"?>
<!-- Generated by org.testng.reporters.JUnitXMLReporter -->
<testsuite hostname="GOT500VI73546" ignored="0" name="AGVFLOW" tests="1" failures="1" timestamp="26 Jul 2018 09:29:07 GMT" time="18.266" errors="0">
  <testcase name="ShortageFlows" time="0.016" classname="com.volvo.mfg.test.TestShortageDelivery">
    <failure type="java.lang.Error" message="Unresolved compilation problem: 
	The constructor LoginPages(WebDriver) is undefined
">
      <![CDATA[java.lang.Error: Unresolved compilation problem: 
The constructor LoginPages(WebDriver) is undefined

at com.volvo.mfg.test.TestShortageDelivery.ShortageFlows(TestShortageDelivery.java:33)
at java.util.concurrent.FutureTask.run(Unknown Source)
at java.util.concurrent.ThreadPoolExecutor.runWorker(Unknown Source)
at java.util.concurrent.ThreadPoolExecutor$Worker.run(Unknown Source)
at java.lang.Thread.run(Unknown Source)
... Removed 16 stack frames]]>
    </failure>
  </testcase> <!-- ShortageFlows -->
</testsuite> <!-- AGVFLOW -->
